d:\hal\3\gm\directx11\gm-1\debug\vc142.pdb
d:\hal\3\gm\directx11\gm-1\debug\vc142.idb
d:\hal\3\gm\directx11\gm-1\debug\transform.obj
d:\hal\3\gm\directx11\gm-1\debug\scene.obj
d:\hal\3\gm\directx11\gm-1\debug\renderer.obj
d:\hal\3\gm\directx11\gm-1\debug\polygon.obj
d:\hal\3\gm\directx11\gm-1\debug\player.obj
d:\hal\3\gm\directx11\gm-1\debug\model.obj
d:\hal\3\gm\directx11\gm-1\debug\manager.obj
d:\hal\3\gm\directx11\gm-1\debug\main.obj
d:\hal\3\gm\directx11\gm-1\debug\input.obj
d:\hal\3\gm\directx11\gm-1\debug\gameobject.obj
d:\hal\3\gm\directx11\gm-1\debug\field.obj
d:\hal\3\gm\directx11\gm-1\debug\engine.obj
d:\hal\3\gm\directx11\gm-1\debug\enemy.obj
d:\hal\3\gm\directx11\gm-1\debug\camera.obj
d:\hal\3\gm\directx11\gm-1\debug\bullet.obj
d:\hal\3\gm\directx11\gm-1\debug\component.obj
d:\hal\3\gm\directx11\gm-1\debug\saveloadmanager.obj
d:\hal\3\gm\directx11\gm-1\debug\classdictionary.obj
d:\hal\3\gm\directx11\gm-1\pixelshader.cso
d:\hal\3\gm\directx11\gm-1\vertexshader.cso
d:\hal\3\gm\directx11\debug\gm-1.pdb
d:\hal\3\gm\directx11\gm-1\debug\gm-1.tlog\cl.command.1.tlog
d:\hal\3\gm\directx11\gm-1\debug\gm-1.tlog\cl.read.1.tlog
d:\hal\3\gm\directx11\gm-1\debug\gm-1.tlog\cl.write.1.tlog
d:\hal\3\gm\directx11\gm-1\debug\gm-1.tlog\fxc.command.1.tlog
d:\hal\3\gm\directx11\gm-1\debug\gm-1.tlog\fxc.read.1.tlog
d:\hal\3\gm\directx11\gm-1\debug\gm-1.tlog\fxc.write.1.tlog
d:\hal\3\gm\directx11\gm-1\debug\gm-1.tlog\link-cvtres.read.1.tlog
d:\hal\3\gm\directx11\gm-1\debug\gm-1.tlog\link-cvtres.write.1.tlog
d:\hal\3\gm\directx11\gm-1\debug\gm-1.tlog\link-rc.read.1.tlog
d:\hal\3\gm\directx11\gm-1\debug\gm-1.tlog\link-rc.write.1.tlog
d:\hal\3\gm\directx11\gm-1\debug\gm-1.tlog\link.24056-cvtres.read.1.tlog
d:\hal\3\gm\directx11\gm-1\debug\gm-1.tlog\link.24056-cvtres.write.1.tlog
d:\hal\3\gm\directx11\gm-1\debug\gm-1.tlog\link.24056-rc.read.1.tlog
d:\hal\3\gm\directx11\gm-1\debug\gm-1.tlog\link.24056-rc.write.1.tlog
d:\hal\3\gm\directx11\gm-1\debug\gm-1.tlog\link.24056.read.1.tlog
d:\hal\3\gm\directx11\gm-1\debug\gm-1.tlog\link.24056.write.1.tlog
d:\hal\3\gm\directx11\gm-1\debug\gm-1.tlog\link.command.1.tlog
d:\hal\3\gm\directx11\gm-1\debug\gm-1.tlog\link.read.1.tlog
d:\hal\3\gm\directx11\gm-1\debug\gm-1.tlog\link.write.1.tlog
