  compilation object save succeeded; see D:\HAL\3\GM\Directx11\Release\ColorPS.cso
  compilation object save succeeded; see D:\HAL\3\GM\Directx11\Release\ColorVS.cso
  compilation object save succeeded; see D:\HAL\3\GM\Directx11\Release\MorphingPS.cso
  compilation object save succeeded; see D:\HAL\3\GM\Directx11\Release\unlitTexturePS.cso
D:\HAL\3\GM\Directx11\GM-1\unlitTextureVS.hlsl(3,34-36): warning X3578: 'main': Top-level output parameter 'Out' not completely initialized
  
  compilation object save succeeded; see D:\HAL\3\GM\Directx11\Release\unlitTextureVS.cso
  AABB.cpp
  Animation.cpp
  AudioManager.cpp
  Billboard.cpp
  BoundingBox.cpp
  BoxCollider.cpp
  Bullet.cpp
  Camera.cpp
  CameraController.cpp
  ClassDictionary.cpp
  Collider.cpp
  Component.cpp
  EditorCamera.cpp
  EditorController.cpp
  DirectionalLight.cpp
  Editor.cpp
  Engine.cpp
  Fade.cpp
  Fbx.cpp
D:\HAL\3\GM\Directx11\GM-1\Fbx.cpp(737,93): warning C4244: '=': 'T' から 'FLOAT' への変換です。データが失われる可能性があります。
          with
          [
              T=fbxsdk::FbxDouble
          ]
D:\HAL\3\GM\Directx11\GM-1\Fbx.cpp(738,87): warning C4244: '=': 'T' から 'FLOAT' への変換です。データが失われる可能性があります。
          with
          [
              T=fbxsdk::FbxDouble
          ]
  FPS.cpp
  コンパイル中...
  GameObject.cpp
  Hierarchy.cpp
  Image.cpp
  ImguiManager.cpp
  input.cpp
D:\HAL\3\GM\Directx11\GM-1\input.cpp(36,32): warning C4244: '引数': 'LONG' から 'float' への変換です。データが失われる可能性があります。
D:\HAL\3\GM\Directx11\GM-1\input.cpp(36,25): warning C4244: '引数': 'LONG' から 'float' への変換です。データが失われる可能性があります。
  Inspector.cpp
  Item.cpp
  ItemController.cpp
  LevelLoader.cpp
  main.cpp
  MainGameManager.cpp
  manager.cpp
  MeshCollider.cpp
  MeshField.cpp
D:\HAL\3\GM\Directx11\GM-1\MeshField.cpp(22,37): warning C4244: '引数': 'int' から 'float' への変換です。データが失われる可能性があります。
D:\HAL\3\GM\Directx11\GM-1\MeshField.cpp(22,34): warning C4244: '引数': 'int' から 'float' への変換です。データが失われる可能性があります。
  Morphing.cpp
  ObjectPooler.cpp
  Plane.cpp
D:\HAL\3\GM\Directx11\GM-1\Plane.cpp(150,27): warning C4244: '引数': 'double' から 'float' への変換です。データが失われる可能性があります。
D:\HAL\3\GM\Directx11\GM-1\Plane.cpp(151,27): warning C4244: '引数': 'double' から 'float' への変換です。データが失われる可能性があります。
D:\HAL\3\GM\Directx11\GM-1\Plane.cpp(153,27): warning C4244: '引数': 'double' から 'float' への変換です。データが失われる可能性があります。
D:\HAL\3\GM\Directx11\GM-1\Plane.cpp(154,27): warning C4244: '引数': 'double' から 'float' への変換です。データが失われる可能性があります。
D:\HAL\3\GM\Directx11\GM-1\Plane.cpp(156,27): warning C4244: '引数': 'double' から 'float' への変換です。データが失われる可能性があります。
D:\HAL\3\GM\Directx11\GM-1\Plane.cpp(157,27): warning C4244: '引数': 'double' から 'float' への変換です。データが失われる可能性があります。
  Player.cpp
  renderer.cpp
  ResultManager.cpp
  コンパイル中...
  RigidBody.cpp
  SaveLoadManager.cpp
  Scene.cpp
  SceneManager.cpp
  SkyDorm.cpp
  SphereCollider.cpp
D:\HAL\3\GM\Directx11\GM-1\SphereCollider.cpp(49,30): warning C4244: '=': 'double' から 'float' への変換です。データが失われる可能性があります。
D:\HAL\3\GM\Directx11\GM-1\SphereCollider.cpp(50,30): warning C4244: '=': 'double' から 'float' への変換です。データが失われる可能性があります。
D:\HAL\3\GM\Directx11\GM-1\SphereCollider.cpp(59,30): warning C4244: '=': 'double' から 'float' への変換です。データが失われる可能性があります。
D:\HAL\3\GM\Directx11\GM-1\SphereCollider.cpp(60,30): warning C4244: '=': 'double' から 'float' への変換です。データが失われる可能性があります。
D:\HAL\3\GM\Directx11\GM-1\SphereCollider.cpp(67,30): warning C4244: '=': 'double' から 'float' への変換です。データが失われる可能性があります。
D:\HAL\3\GM\Directx11\GM-1\SphereCollider.cpp(69,30): warning C4244: '=': 'double' から 'float' への変換です。データが失われる可能性があります。
  Spring.cpp
  Texture.cpp
  TitleManager.cpp
  TitleText.cpp
  Transform.cpp
  TutorialManager.cpp
  WoodBox.cpp
  コード生成しています。
  1561 of 4113 functions (38.0%) were compiled, the rest were copied from previous compilation.
    174 functions were new in current compilation
    223 functions had inline decision re-evaluated but remain unchanged
  コード生成が終了しました。
  GM-1.vcxproj -> D:\HAL\3\GM\Directx11\Release\GM-1.exe
